D:\C PROGRAMMING\EG09\DEBUG\EG09.EXE
D:\C PROGRAMMING\EG09\DEBUG\EG09.EXE.MANIFEST
D:\C PROGRAMMING\EG09\DEBUG\EG09.ILK
D:\C PROGRAMMING\EG09\DEBUG\EG09.PDB
D:\C Programming\eg09\eg09\Debug\cl.command.1.tlog
D:\C Programming\eg09\eg09\Debug\CL.read.1.tlog
D:\C Programming\eg09\eg09\Debug\CL.write.1.tlog
D:\C PROGRAMMING\EG09\EG09\DEBUG\EG09.EXE.INTERMEDIATE.MANIFEST
D:\C PROGRAMMING\EG09\EG09\DEBUG\EG09.OBJ
D:\C Programming\eg09\eg09\Debug\eg09.vcxprojResolveAssemblyReference.cache
D:\C Programming\eg09\eg09\Debug\eg09.write.1.tlog
D:\C Programming\eg09\eg09\Debug\link.command.1.tlog
D:\C Programming\eg09\eg09\Debug\link.read.1.tlog
D:\C Programming\eg09\eg09\Debug\link.write.1.tlog
D:\C PROGRAMMING\EG09\EG09\DEBUG\LXHAPI.OBJ
D:\C Programming\eg09\eg09\Debug\mt.command.1.tlog
D:\C Programming\eg09\eg09\Debug\mt.read.1.tlog
D:\C Programming\eg09\eg09\Debug\mt.write.1.tlog
D:\C Programming\eg09\eg09\Debug\vc100.idb
D:\C PROGRAMMING\EG09\EG09\DEBUG\VC100.PDB
